<?xml version="1.0" encoding="UTF-8"?>
<!-- Generated by org.testng.reporters.JUnitXMLReporter -->
<testsuite hostname="BDC8-LX-47G9VN2" ignored="3" name="Default test" tests="3" failures="0" timestamp="18 Jun 2019 11:59:31 GMT" time="70.495" errors="0">
  <testcase name="createNewContactsTest" time="2.867" classname="com.crm.qa.testcases.ContactsPageTest"/>
  <testcase name="createNewContactsTest" time="2.225" classname="com.crm.qa.testcases.ContactsPageTest"/>
  <testcase name="createNewContactsTest" time="2.425" classname="com.crm.qa.testcases.ContactsPageTest"/>
  <testcase name="selectSingleContactTest" time="0.0" classname="com.crm.qa.testcases.ContactsPageTest">
    <ignored/>
  </testcase> <!-- selectSingleContactTest -->
  <testcase name="verfifyContactsLabelTest" time="0.0" classname="com.crm.qa.testcases.ContactsPageTest">
    <ignored/>
  </testcase> <!-- verfifyContactsLabelTest -->
  <testcase name="selectMultipleContactsTest" time="0.0" classname="com.crm.qa.testcases.ContactsPageTest">
    <ignored/>
  </testcase> <!-- selectMultipleContactsTest -->
</testsuite> <!-- Default test -->
