<?xml version="1.0" encoding="UTF-8"?>
<testng-results skipped="0" failed="0" ignored="3" total="6" passed="3">
  <reporter-output>
  </reporter-output>
  <suite name="Default suite" duration-ms="70495" started-at="2019-06-18T11:58:20Z" finished-at="2019-06-18T11:59:31Z">
    <groups>
    </groups>
    <test name="Default test" duration-ms="70495" started-at="2019-06-18T11:58:20Z" finished-at="2019-06-18T11:59:31Z">
      <class name="com.crm.qa.testcases.ContactsPageTest">
        <test-method status="PASS" signature="setUp()[pri:0, instance:com.crm.qa.testcases.ContactsPageTest@685cb137]" name="setUp" is-config="true" duration-ms="19195" started-at="2019-06-18T11:58:21Z" finished-at="2019-06-18T11:58:40Z">
          <reporter-output>
          </reporter-output>
        </test-method> <!-- setUp -->
        <test-method status="PASS" signature="createNewContactsTest(java.lang.String, java.lang.String, java.lang.String, java.lang.String)[pri:4, instance:com.crm.qa.testcases.ContactsPageTest@685cb137]" name="createNewContactsTest" duration-ms="2867" started-at="2019-06-18T11:58:40Z" data-provider="getTestDataFromExcel" finished-at="2019-06-18T11:58:43Z">
          <params>
            <param index="0">
              <value>
                <![CDATA[madhusudan]]>
              </value>
            </param>
            <param index="1">
              <value>
                <![CDATA[mulbagal]]>
              </value>
            </param>
            <param index="2">
              <value>
                <![CDATA[Accenture]]>
              </value>
            </param>
            <param index="3">
              <value>
                <![CDATA[madhu@gmail.com]]>
              </value>
            </param>
          </params>
          <reporter-output>
          </reporter-output>
        </test-method> <!-- createNewContactsTest -->
        <test-method status="PASS" signature="setUp()[pri:0, instance:com.crm.qa.testcases.ContactsPageTest@685cb137]" name="setUp" is-config="true" duration-ms="18670" started-at="2019-06-18T11:58:43Z" finished-at="2019-06-18T11:59:02Z">
          <reporter-output>
          </reporter-output>
        </test-method> <!-- setUp -->
        <test-method status="PASS" signature="createNewContactsTest(java.lang.String, java.lang.String, java.lang.String, java.lang.String)[pri:4, instance:com.crm.qa.testcases.ContactsPageTest@685cb137]" name="createNewContactsTest" duration-ms="2225" started-at="2019-06-18T11:59:02Z" data-provider="getTestDataFromExcel" finished-at="2019-06-18T11:59:04Z">
          <params>
            <param index="0">
              <value>
                <![CDATA[geetha]]>
              </value>
            </param>
            <param index="1">
              <value>
                <![CDATA[madhusudan]]>
              </value>
            </param>
            <param index="2">
              <value>
                <![CDATA[cts]]>
              </value>
            </param>
            <param index="3">
              <value>
                <![CDATA[geetha@gmail.com]]>
              </value>
            </param>
          </params>
          <reporter-output>
          </reporter-output>
        </test-method> <!-- createNewContactsTest -->
        <test-method status="PASS" signature="setUp()[pri:0, instance:com.crm.qa.testcases.ContactsPageTest@685cb137]" name="setUp" is-config="true" duration-ms="24499" started-at="2019-06-18T11:59:04Z" finished-at="2019-06-18T11:59:28Z">
          <reporter-output>
          </reporter-output>
        </test-method> <!-- setUp -->
        <test-method status="PASS" signature="createNewContactsTest(java.lang.String, java.lang.String, java.lang.String, java.lang.String)[pri:4, instance:com.crm.qa.testcases.ContactsPageTest@685cb137]" name="createNewContactsTest" duration-ms="2425" started-at="2019-06-18T11:59:28Z" data-provider="getTestDataFromExcel" finished-at="2019-06-18T11:59:31Z">
          <params>
            <param index="0">
              <value>
                <![CDATA[pradhyumna]]>
              </value>
            </param>
            <param index="1">
              <value>
                <![CDATA[madhusudan]]>
              </value>
            </param>
            <param index="2">
              <value>
                <![CDATA[google]]>
              </value>
            </param>
            <param index="3">
              <value>
                <![CDATA[chubbi@gmail.com]]>
              </value>
            </param>
          </params>
          <reporter-output>
          </reporter-output>
        </test-method> <!-- createNewContactsTest -->
      </class> <!-- com.crm.qa.testcases.ContactsPageTest -->
    </test> <!-- Default test -->
  </suite> <!-- Default suite -->
</testng-results>
